<?xml version="1.0" encoding="UTF-8"?>
<testng-results skipped="0" failed="0" ignored="0" total="1" passed="1">
  <reporter-output>
  </reporter-output>
  <suite name="Suite" duration-ms="18762" started-at="2020-01-23T15:32:20Z" finished-at="2020-01-23T15:32:39Z">
    <groups>
    </groups>
    <test name="Test" duration-ms="18762" started-at="2020-01-23T15:32:20Z" finished-at="2020-01-23T15:32:39Z">
      <class name="demoMaven.BusquedaWeb2">
        <test-method status="PASS" signature="setup()[pri:0, instance:demoMaven.BusquedaWeb2@58ceff1]" name="setup" is-config="true" duration-ms="7377" started-at="2020-01-23T15:32:20Z" finished-at="2020-01-23T15:32:28Z">
          <reporter-output>
          </reporter-output>
        </test-method> <!-- setup -->
        <test-method status="PASS" signature="busquedaSelenium()[pri:0, instance:demoMaven.BusquedaWeb2@58ceff1]" name="busquedaSelenium" duration-ms="10556" started-at="2020-01-23T15:32:28Z" finished-at="2020-01-23T15:32:38Z">
          <reporter-output>
          </reporter-output>
        </test-method> <!-- busquedaSelenium -->
        <test-method status="PASS" signature="tearDown()[pri:0, instance:demoMaven.BusquedaWeb2@58ceff1]" name="tearDown" is-config="true" duration-ms="813" started-at="2020-01-23T15:32:38Z" finished-at="2020-01-23T15:32:39Z">
          <reporter-output>
          </reporter-output>
        </test-method> <!-- tearDown -->
      </class> <!-- demoMaven.BusquedaWeb2 -->
    </test> <!-- Test -->
  </suite> <!-- Suite -->
</testng-results>
